d:\meine daten\dokumente\uni\computergrafik\mama\intermediates\debug-x86_64\mama\vc141.pdb
d:\meine daten\dokumente\uni\computergrafik\mama\intermediates\debug-x86_64\mama\vc141.idb
d:\meine daten\dokumente\uni\computergrafik\mama\intermediates\debug-x86_64\mama\log.obj
d:\meine daten\dokumente\uni\computergrafik\mama\intermediates\debug-x86_64\mama\application.obj
d:\meine daten\dokumente\uni\computergrafik\mama\intermediates\debug-x86_64\mama\windowswindow.obj
d:\meine daten\dokumente\uni\computergrafik\mama\intermediates\debug-x86_64\mama\layerstack.obj
d:\meine daten\dokumente\uni\computergrafik\mama\intermediates\debug-x86_64\mama\layer.obj
d:\meine daten\dokumente\uni\computergrafik\mama\intermediates\debug-x86_64\mama\imguilayer.obj
d:\meine daten\dokumente\uni\computergrafik\mama\intermediates\debug-x86_64\mama\imgui_opengl_renderer.obj
d:\meine daten\dokumente\uni\computergrafik\mama\intermediates\debug-x86_64\mama\mama.pch
d:\meine daten\dokumente\uni\computergrafik\mama\intermediates\debug-x86_64\mama\mamapch.obj
d:\meine daten\dokumente\uni\computergrafik\mama\bin\debug-x86_64\mama\mama.dll
d:\meine daten\dokumente\uni\computergrafik\mama\bin\debug-x86_64\mama\mama.ilk
d:\meine daten\dokumente\uni\computergrafik\mama\bin\debug-x86_64\mama\mama.pdb
d:\meine daten\dokumente\uni\computergrafik\mama\bin\debug-x86_64\mama\mama.lib
d:\meine daten\dokumente\uni\computergrafik\mama\bin\debug-x86_64\mama\mama.exp
d:\meine daten\dokumente\uni\computergrafik\mama\mama\..\bin\debug-x86_64\mama\mama.dll
d:\meine daten\dokumente\uni\computergrafik\mama\intermediates\debug-x86_64\mama\mama.tlog\cl.command.1.tlog
d:\meine daten\dokumente\uni\computergrafik\mama\intermediates\debug-x86_64\mama\mama.tlog\cl.read.1.tlog
d:\meine daten\dokumente\uni\computergrafik\mama\intermediates\debug-x86_64\mama\mama.tlog\cl.write.1.tlog
d:\meine daten\dokumente\uni\computergrafik\mama\intermediates\debug-x86_64\mama\mama.tlog\link.10104.delete.1.tlog
d:\meine daten\dokumente\uni\computergrafik\mama\intermediates\debug-x86_64\mama\mama.tlog\link.18364.delete.1.tlog
d:\meine daten\dokumente\uni\computergrafik\mama\intermediates\debug-x86_64\mama\mama.tlog\link.2164.delete.1.tlog
d:\meine daten\dokumente\uni\computergrafik\mama\intermediates\debug-x86_64\mama\mama.tlog\link.21976.delete.1.tlog
d:\meine daten\dokumente\uni\computergrafik\mama\intermediates\debug-x86_64\mama\mama.tlog\link.22432.delete.1.tlog
d:\meine daten\dokumente\uni\computergrafik\mama\intermediates\debug-x86_64\mama\mama.tlog\link.23428.delete.1.tlog
d:\meine daten\dokumente\uni\computergrafik\mama\intermediates\debug-x86_64\mama\mama.tlog\link.23580.delete.1.tlog
d:\meine daten\dokumente\uni\computergrafik\mama\intermediates\debug-x86_64\mama\mama.tlog\link.24092.delete.1.tlog
d:\meine daten\dokumente\uni\computergrafik\mama\intermediates\debug-x86_64\mama\mama.tlog\link.2664.delete.1.tlog
d:\meine daten\dokumente\uni\computergrafik\mama\intermediates\debug-x86_64\mama\mama.tlog\link.27348.delete.1.tlog
d:\meine daten\dokumente\uni\computergrafik\mama\intermediates\debug-x86_64\mama\mama.tlog\link.28632.delete.1.tlog
d:\meine daten\dokumente\uni\computergrafik\mama\intermediates\debug-x86_64\mama\mama.tlog\link.908.delete.1.tlog
d:\meine daten\dokumente\uni\computergrafik\mama\intermediates\debug-x86_64\mama\mama.tlog\link.9404.delete.1.tlog
d:\meine daten\dokumente\uni\computergrafik\mama\intermediates\debug-x86_64\mama\mama.tlog\link.command.1.tlog
d:\meine daten\dokumente\uni\computergrafik\mama\intermediates\debug-x86_64\mama\mama.tlog\link.read.1.tlog
d:\meine daten\dokumente\uni\computergrafik\mama\intermediates\debug-x86_64\mama\mama.tlog\link.write.1.tlog
d:\meine daten\dokumente\uni\computergrafik\mama\intermediates\debug-x86_64\mama\mama.tlog\mama.write.1u.tlog
